<?xml version="1.0" encoding="UTF-8"?>
<!-- Generated by org.testng.reporters.JUnitReportReporter -->
<testsuite hostname="DESKTOP-1MU00UN" failures="0" tests="2" name="com.agileteach.testNGtutorial.LoginTest" time="5.459" errors="0" timestamp="2023-06-21T20:38:33 EDT" skipped="1">
  <testcase classname="com.agileteach.testNGtutorial.LoginTest" name="addtocart" time="5.459"/>
  <system-out/>
  <testcase classname="com.agileteach.testNGtutorial.LoginTest" name="checkout">
    <skipped/>
  </testcase> <!-- checkout -->
  <system-out/>
</testsuite> <!-- com.agileteach.testNGtutorial.LoginTest -->
