<?xml version="1.0" encoding="UTF-8"?>
<!-- Generated by org.testng.reporters.JUnitReportReporter -->
<testsuite hostname="DESKTOP-1MU00UN" failures="0" tests="1" name="com.agileteach.testNGtutorial.ClassOne" time="3.034" errors="0" timestamp="2023-06-21T20:45:46 EDT" skipped="0">
  <testcase classname="com.agileteach.testNGtutorial.ClassOne" name="testOne" time="3.034"/>
  <system-out/>
</testsuite> <!-- com.agileteach.testNGtutorial.ClassOne -->
