<?xml version="1.0" encoding="UTF-8"?>
<!-- Generated by org.testng.reporters.JUnitReportReporter -->
<testsuite hostname="DESKTOP-1MU00UN" failures="0" tests="8" name="com.agile.testNgTutorial.sauceDemoFunctionAllFinal" time="62.444" errors="0" timestamp="2023-07-05T19:17:32 EDT" skipped="0">
  <testcase classname="com.agile.testNgTutorial.sauceDemoFunctionAllFinal" name="dashBoard" time="0.051"/>
  <system-out/>
  <testcase classname="com.agile.testNgTutorial.sauceDemoFunctionAllFinal" name="productAlpabeticsort" time="3.168"/>
  <system-out/>
  <testcase classname="com.agile.testNgTutorial.sauceDemoFunctionAllFinal" name="productPriceSort" time="3.185"/>
  <system-out/>
  <testcase classname="com.agile.testNgTutorial.sauceDemoFunctionAllFinal" name="pageValidation" time="9.404"/>
  <system-out/>
  <testcase classname="com.agile.testNgTutorial.sauceDemoFunctionAllFinal" name="productCountTest" time="0.074"/>
  <system-out/>
  <testcase classname="com.agile.testNgTutorial.sauceDemoFunctionAllFinal" name="singleProductCheck" time="39.113"/>
  <system-out/>
  <testcase classname="com.agile.testNgTutorial.sauceDemoFunctionAllFinal" name="addToCart" time="0.130"/>
  <system-out/>
  <testcase classname="com.agile.testNgTutorial.sauceDemoFunctionAllFinal" name="checkout" time="7.319"/>
  <system-out/>
</testsuite> <!-- com.agile.testNgTutorial.sauceDemoFunctionAllFinal -->
