<?xml version="1.0" encoding="UTF-8"?>
<!-- Generated by org.testng.reporters.JUnitReportReporter -->
<testsuite hostname="DESKTOP-1MU00UN" failures="0" tests="3" name="com.agileteach.testNGtutorial.ClassTwo" time="3.049" errors="0" timestamp="2023-06-21T20:58:14 EDT" skipped="0">
  <testcase classname="com.agileteach.testNGtutorial.ClassTwo" name="groupTest" time="0.017"/>
  <system-out/>
  <testcase classname="com.agileteach.testNGtutorial.ClassTwo" name="groupTwo" time="0.013"/>
  <system-out/>
  <testcase classname="com.agileteach.testNGtutorial.ClassTwo" name="testTwo" time="3.019"/>
  <system-out/>
</testsuite> <!-- com.agileteach.testNGtutorial.ClassTwo -->
