<?xml version="1.0" encoding="UTF-8"?>
<!-- Generated by org.testng.reporters.JUnitReportReporter -->
<testsuite hostname="DESKTOP-1MU00UN" failures="0" tests="2" name="com.agile.testNgTutorial.CartFunctionality" time="6.692" errors="0" timestamp="2023-07-04T14:20:09 EDT" skipped="0">
  <testcase classname="com.agile.testNgTutorial.CartFunctionality" name="addToCart" time="0.098"/>
  <system-out/>
  <testcase classname="com.agile.testNgTutorial.CartFunctionality" name="checkout" time="6.594"/>
  <system-out/>
</testsuite> <!-- com.agile.testNgTutorial.CartFunctionality -->
