<?xml version="1.0" encoding="UTF-8"?>
<!-- Generated by org.testng.reporters.JUnitReportReporter -->
<testsuite hostname="DESKTOP-1MU00UN" failures="0" tests="1" name="com.agileteach.testNGtutorial.sauceDemoFunc" time="0.017" errors="0" timestamp="2023-06-21T18:43:40 EDT" skipped="0">
  <testcase classname="com.agileteach.testNGtutorial.sauceDemoFunc" name="login" time="0.017"/>
  <system-out/>
</testsuite> <!-- com.agileteach.testNGtutorial.sauceDemoFunc -->
