<?xml version="1.0" encoding="UTF-8"?>
<!-- Generated by org.testng.reporters.JUnitReportReporter -->
<testsuite hostname="DESKTOP-1MU00UN" failures="0" tests="3" name="com.agileTeachAssert.DproviderTest" time="0.022" errors="0" timestamp="2023-06-26T20:42:58 EDT" skipped="0">
  <testcase classname="com.agileTeachAssert.DproviderTest" name="loginTest" time="0.002"/>
  <system-out/>
  <testcase classname="com.agileTeachAssert.DproviderTest" name="loginTest" time="0.002"/>
  <system-out/>
  <testcase classname="com.agileTeachAssert.DproviderTest" name="loginTest" time="0.018"/>
  <system-out/>
</testsuite> <!-- com.agileTeachAssert.DproviderTest -->
