<?xml version="1.0" encoding="UTF-8"?>
<!-- Generated by org.testng.reporters.JUnitReportReporter -->
<testsuite hostname="DESKTOP-1MU00UN" failures="0" tests="3" name="com.saucedemo.assertion.DataProviderTest" time="0.015" errors="0" timestamp="2023-06-26T15:12:20 EDT" skipped="0">
  <testcase classname="com.saucedemo.assertion.DataProviderTest" name="loginTest" time="0.001"/>
  <system-out/>
  <testcase classname="com.saucedemo.assertion.DataProviderTest" name="loginTest" time="0.012"/>
  <system-out/>
  <testcase classname="com.saucedemo.assertion.DataProviderTest" name="loginTest" time="0.002"/>
  <system-out/>
</testsuite> <!-- com.saucedemo.assertion.DataProviderTest -->
